<?xml version="1.0" encoding="UTF-8"?>
<!-- Generated by org.testng.reporters.JUnitReportReporter -->
<testsuite hostname="Robin" failures="0" tests="4" name="api.test.usertests" time="8.734" errors="0" timestamp="2024-07-01T15:00:37 IST" skipped="0">
  <testcase classname="api.test.usertests" name="testpostuser" time="2.964"/>
  <system-out/>
  <testcase classname="api.test.usertests" name="testgetuserbyname" time="1.602"/>
  <system-out/>
  <testcase classname="api.test.usertests" name="testupdateuserbyname" time="2.835"/>
  <system-out/>
  <testcase classname="api.test.usertests" name="testdeleteeuserbyname" time="1.333"/>
  <system-out/>
</testsuite> <!-- api.test.usertests -->
